[0/1] Planning build
Building for production...
[0/2] Write swift-version-4163EF5DB07E58A0.txt
Build complete! (1.20s)
Test Suite 'Selected tests' started at 2026-01-30 07:31:04.098.
Test Suite 'WaxPackageTests.xctest' started at 2026-01-30 07:31:04.099.
Test Suite 'RAGPerformanceBenchmarks' started at 2026-01-30 07:31:04.099.
Test Case '-[WaxIntegrationTests.RAGPerformanceBenchmarks testIngestTextOnlyPerformance10KDocs]' started.
/Users/chriskarani/CodingProjects/Wax/Tests/WaxIntegrationTests/RAGBenchmarks.swift:123: -[WaxIntegrationTests.RAGPerformanceBenchmarks testIngestTextOnlyPerformance10KDocs] : Test skipped - Set WAX_BENCHMARK_10K=1 to run 10k doc benchmark.
Test Case '-[WaxIntegrationTests.RAGPerformanceBenchmarks testIngestTextOnlyPerformance10KDocs]' skipped (0.001 seconds).
Test Case '-[WaxIntegrationTests.RAGPerformanceBenchmarks testIngestTextOnlyPerformance]' started.
/Users/chriskarani/CodingProjects/Wax/Tests/WaxIntegrationTests/RAGBenchmarkSupport.swift:247: Test Case '-[WaxIntegrationTests.RAGPerformanceBenchmarks testIngestTextOnlyPerformance]' measured [Clock Monotonic Time, s] average: 1.029, relative standard deviation: 0.000%, values: [1.028579], performanceMetricID:com.apple.dt.XCTMetric_Clock.time.monotonic, baselineName: "", baselineAverage: , polarity: prefers smaller, maxPercentRegression: 10.000%, maxPercentRelativeStandardDeviation: 10.000%, maxRegression: 0.000, maxStandardDeviation: 0.000
Test Case '-[WaxIntegrationTests.RAGPerformanceBenchmarks testIngestTextOnlyPerformance]' passed (2.094 seconds).
Test Suite 'RAGPerformanceBenchmarks' passed at 2026-01-30 07:31:06.195.
	 Executed 2 tests, with 1 test skipped and 0 failures (0 unexpected) in 2.095 (2.095) seconds
Test Suite 'WaxPackageTests.xctest' passed at 2026-01-30 07:31:06.195.
	 Executed 2 tests, with 1 test skipped and 0 failures (0 unexpected) in 2.095 (2.096) seconds
Test Suite 'Selected tests' passed at 2026-01-30 07:31:06.195.
	 Executed 2 tests, with 1 test skipped and 0 failures (0 unexpected) in 2.095 (2.096) seconds
objc[95616]: Class DTXDecompressionException is implemented in both /System/Library/PrivateFrameworks/DTXConnectionServices.framework/Versions/A/DTXConnectionServices (0x1e7def830) and /Applications/Xcode.app/Contents/SharedFrameworks/DTXConnectionServices.framework/Versions/A/DTXConnectionServices (0x101207630). One of the two will be used. Which one is undefined.
objc[95616]: Class DTXService is implemented in both /System/Library/PrivateFrameworks/DTXConnectionServices.framework/Versions/A/DTXConnectionServices (0x1e7def858) and /Applications/Xcode.app/Contents/SharedFrameworks/DTXConnectionServices.framework/Versions/A/DTXConnectionServices (0x101207658). One of the two will be used. Which one is undefined.
objc[95616]: Class DTXBlockCompressorFactory is implemented in both /System/Library/PrivateFrameworks/DTXConnectionServices.framework/Versions/A/DTXConnectionServices (0x1e7def8f8) and /Applications/Xcode.app/Contents/SharedFrameworks/DTXConnectionServices.framework/Versions/A/DTXConnectionServices (0x1012076f8). One of the two will be used. Which one is undefined.
objc[95616]: Class DTXBlockCompressorLibCompression is implemented in both /System/Library/PrivateFrameworks/DTXConnectionServices.framework/Versions/A/DTXConnectionServices (0x1e7def8a8) and /Applications/Xcode.app/Contents/SharedFrameworks/DTXConnectionServices.framework/Versions/A/DTXConnectionServices (0x1012076a8). One of the two will be used. Which one is undefined.
objc[95616]: Class DTXRemoteInvocationReceipt is implemented in both /System/Library/PrivateFrameworks/DTXConnectionServices.framework/Versions/A/DTXConnectionServices (0x1e7def948) and /Applications/Xcode.app/Contents/SharedFrameworks/DTXConnectionServices.framework/Versions/A/DTXConnectionServices (0x101207748). One of the two will be used. Which one is undefined.
objc[95616]: Class DTXProxyChannel is implemented in both /System/Library/PrivateFrameworks/DTXConnectionServices.framework/Versions/A/DTXConnectionServices (0x1e7def998) and /Applications/Xcode.app/Contents/SharedFrameworks/DTXConnectionServices.framework/Versions/A/DTXConnectionServices (0x101207798). One of the two will be used. Which one is undefined.
objc[95616]: Class _DTXProxy is implemented in both /System/Library/PrivateFrameworks/DTXConnectionServices.framework/Versions/A/DTXConnectionServices (0x1e7def9c0) and /Applications/Xcode.app/Contents/SharedFrameworks/DTXConnectionServices.framework/Versions/A/DTXConnectionServices (0x1012077c0). One of the two will be used. Which one is undefined.
objc[95616]: Class DTXMachTransport is implemented in both /System/Library/PrivateFrameworks/DTXConnectionServices.framework/Versions/A/DTXConnectionServices (0x1e7defa38) and /Applications/Xcode.app/Contents/SharedFrameworks/DTXConnectionServices.framework/Versions/A/DTXConnectionServices (0x101207838). One of the two will be used. Which one is undefined.
objc[95616]: Class DTXTransport is implemented in both /System/Library/PrivateFrameworks/DTXConnectionServices.framework/Versions/A/DTXConnectionServices (0x1e7defa88) and /Applications/Xcode.app/Contents/SharedFrameworks/DTXConnectionServices.framework/Versions/A/DTXConnectionServices (0x101207888). One of the two will be used. Which one is undefined.
objc[95616]: Class DTXResourceTracker is implemented in both /System/Library/PrivateFrameworks/DTXConnectionServices.framework/Versions/A/DTXConnectionServices (0x1e7defad8) and /Applications/Xcode.app/Contents/SharedFrameworks/DTXConnectionServices.framework/Versions/A/DTXConnectionServices (0x1012078d8). One of the two will be used. Which one is undefined.
objc[95616]: Class DTXProxyRequestHandler is implemented in both /System/Library/PrivateFrameworks/DTXConnectionServices.framework/Versions/A/DTXConnectionServices (0x1e7defb28) and /Applications/Xcode.app/Contents/SharedFrameworks/DTXConnectionServices.framework/Versions/A/DTXConnectionServices (0x101207928). One of the two will be used. Which one is undefined.
objc[95616]: Class DTXConnection is implemented in both /System/Library/PrivateFrameworks/DTXConnectionServices.framework/Versions/A/DTXConnectionServices (0x1e7defb78) and /Applications/Xcode.app/Contents/SharedFrameworks/DTXConnectionServices.framework/Versions/A/DTXConnectionServices (0x101207978). One of the two will be used. Which one is undefined.
objc[95616]: Class DTXChannel is implemented in both /System/Library/PrivateFrameworks/DTXConnectionServices.framework/Versions/A/DTXConnectionServices (0x1e7defba0) and /Applications/Xcode.app/Contents/SharedFrameworks/DTXConnectionServices.framework/Versions/A/DTXConnectionServices (0x1012079a0). One of the two will be used. Which one is undefined.
objc[95616]: Class DTXSocketTransport is implemented in both /System/Library/PrivateFrameworks/DTXConnectionServices.framework/Versions/A/DTXConnectionServices (0x1e7defc18) and /Applications/Xcode.app/Contents/SharedFrameworks/DTXConnectionServices.framework/Versions/A/DTXConnectionServices (0x101207a18). One of the two will be used. Which one is undefined.
objc[95616]: Class DTXSharedMemoryTransport is implemented in both /System/Library/PrivateFrameworks/DTXConnectionServices.framework/Versions/A/DTXConnectionServices (0x1e7defc68) and /Applications/Xcode.app/Contents/SharedFrameworks/DTXConnectionServices.framework/Versions/A/DTXConnectionServices (0x101207a68). One of the two will be used. Which one is undefined.
objc[95616]: Class DTXMessageParser is implemented in both /System/Library/PrivateFrameworks/DTXConnectionServices.framework/Versions/A/DTXConnectionServices (0x1e7defcb8) and /Applications/Xcode.app/Contents/SharedFrameworks/DTXConnectionServices.framework/Versions/A/DTXConnectionServices (0x101207ab8). One of the two will be used. Which one is undefined.
objc[95616]: Class DTXMessageTransmitter is implemented in both /System/Library/PrivateFrameworks/DTXConnectionServices.framework/Versions/A/DTXConnectionServices (0x1e7defd30) and /Applications/Xcode.app/Contents/SharedFrameworks/DTXConnectionServices.framework/Versions/A/DTXConnectionServices (0x101207b30). One of the two will be used. Which one is undefined.
objc[95616]: Class DTXMessage is implemented in both /System/Library/PrivateFrameworks/DTXConnectionServices.framework/Versions/A/DTXConnectionServices (0x1e7defd58) and /Applications/Xcode.app/Contents/SharedFrameworks/DTXConnectionServices.framework/Versions/A/DTXConnectionServices (0x101207b58). One of the two will be used. Which one is undefined.
objc[95616]: Class DTXFileDescriptorTransport is implemented in both /System/Library/PrivateFrameworks/DTXConnectionServices.framework/Versions/A/DTXConnectionServices (0x1e7defda8) and /Applications/Xcode.app/Contents/SharedFrameworks/DTXConnectionServices.framework/Versions/A/DTXConnectionServices (0x101207ba8). One of the two will be used. Which one is undefined.
􀟈  Test run started.
􀄵  Testing Library Version: 6.2.2 (3a645830884aa4e)
􀄵  Target Platform: arm64-apple-macosx
􁁛  Test run with 0 tests in 0 suites passed after 0.001 seconds.
