[0/1] Planning build
Building for production...
[0/2] Write swift-version-4163EF5DB07E58A0.txt
Build complete! (1.20s)
Test Suite 'Selected tests' started at 2026-01-30 07:32:36.395.
Test Suite 'WaxPackageTests.xctest' started at 2026-01-30 07:32:36.395.
Test Suite 'RAGPerformanceBenchmarks' started at 2026-01-30 07:32:36.395.
Test Case '-[WaxIntegrationTests.RAGPerformanceBenchmarks testUnifiedSearchHybridPerformanceWithMetrics]' started.
/Users/chriskarani/CodingProjects/Wax/Tests/WaxIntegrationTests/RAGBenchmarks.swift:332: Test Case '-[WaxIntegrationTests.RAGPerformanceBenchmarks testUnifiedSearchHybridPerformanceWithMetrics]' measured [Memory Physical, kB] average: 327.723, relative standard deviation: 102.556%, values: [98.304000, 802.944000, 81.920000], performanceMetricID:com.apple.dt.XCTMetric_Memory.physical, baselineName: "", baselineAverage: , polarity: prefers smaller, maxPercentRegression: 10.000%, maxPercentRelativeStandardDeviation: 10.000%, maxRegression: 0.000, maxStandardDeviation: 0.000
/Users/chriskarani/CodingProjects/Wax/Tests/WaxIntegrationTests/RAGBenchmarks.swift:332: Test Case '-[WaxIntegrationTests.RAGPerformanceBenchmarks testUnifiedSearchHybridPerformanceWithMetrics]' measured [CPU Cycles, kC] average: 15256.979, relative standard deviation: 23.549%, values: [10251.019000, 18514.050000, 17005.869000], performanceMetricID:com.apple.dt.XCTMetric_CPU.cycles, baselineName: "", baselineAverage: , polarity: prefers smaller, maxPercentRegression: 10.000%, maxPercentRelativeStandardDeviation: 10.000%, maxRegression: 0.000, maxStandardDeviation: 0.000
/Users/chriskarani/CodingProjects/Wax/Tests/WaxIntegrationTests/RAGBenchmarks.swift:332: Test Case '-[WaxIntegrationTests.RAGPerformanceBenchmarks testUnifiedSearchHybridPerformanceWithMetrics]' measured [Clock Monotonic Time, s] average: 0.103, relative standard deviation: 1.085%, values: [0.103780, 0.101179, 0.103198], performanceMetricID:com.apple.dt.XCTMetric_Clock.time.monotonic, baselineName: "", baselineAverage: , polarity: prefers smaller, maxPercentRegression: 10.000%, maxPercentRelativeStandardDeviation: 10.000%, maxRegression: 0.000, maxStandardDeviation: 0.000
/Users/chriskarani/CodingProjects/Wax/Tests/WaxIntegrationTests/RAGBenchmarks.swift:332: Test Case '-[WaxIntegrationTests.RAGPerformanceBenchmarks testUnifiedSearchHybridPerformanceWithMetrics]' measured [CPU Time, s] average: 0.012, relative standard deviation: 26.335%, values: [0.007855, 0.012253, 0.015476], performanceMetricID:com.apple.dt.XCTMetric_CPU.time, baselineName: "", baselineAverage: , polarity: prefers smaller, maxPercentRegression: 10.000%, maxPercentRelativeStandardDeviation: 10.000%, maxRegression: 0.000, maxStandardDeviation: 0.000
/Users/chriskarani/CodingProjects/Wax/Tests/WaxIntegrationTests/RAGBenchmarks.swift:332: Test Case '-[WaxIntegrationTests.RAGPerformanceBenchmarks testUnifiedSearchHybridPerformanceWithMetrics]' measured [CPU Instructions Retired, kI] average: 34658.875, relative standard deviation: 0.566%, values: [34489.201000, 34933.928000, 34553.496000], performanceMetricID:com.apple.dt.XCTMetric_CPU.instructions_retired, baselineName: "", baselineAverage: , polarity: prefers smaller, maxPercentRegression: 10.000%, maxPercentRelativeStandardDeviation: 10.000%, maxRegression: 0.000, maxStandardDeviation: 0.000
/Users/chriskarani/CodingProjects/Wax/Tests/WaxIntegrationTests/RAGBenchmarks.swift:332: Test Case '-[WaxIntegrationTests.RAGPerformanceBenchmarks testUnifiedSearchHybridPerformanceWithMetrics]' measured [Memory Peak Physical, kB] average: 22660.736, relative standard deviation: 2.087%, values: [22005.312000, 22873.728000, 23103.168000], performanceMetricID:com.apple.dt.XCTMetric_Memory.physical_peak, baselineName: "", baselineAverage: , polarity: prefers smaller, maxPercentRegression: 10.000%, maxPercentRelativeStandardDeviation: 10.000%, maxRegression: 0.000, maxStandardDeviation: 0.000
Test Case '-[WaxIntegrationTests.RAGPerformanceBenchmarks testUnifiedSearchHybridPerformanceWithMetrics]' passed (0.619 seconds).
Test Suite 'RAGPerformanceBenchmarks' passed at 2026-01-30 07:32:37.015.
	 Executed 1 test, with 0 failures (0 unexpected) in 0.619 (0.620) seconds
Test Suite 'WaxPackageTests.xctest' passed at 2026-01-30 07:32:37.015.
	 Executed 1 test, with 0 failures (0 unexpected) in 0.619 (0.620) seconds
Test Suite 'Selected tests' passed at 2026-01-30 07:32:37.015.
	 Executed 1 test, with 0 failures (0 unexpected) in 0.619 (0.621) seconds
objc[96616]: Class DTXDecompressionException is implemented in both /System/Library/PrivateFrameworks/DTXConnectionServices.framework/Versions/A/DTXConnectionServices (0x1e7def830) and /Applications/Xcode.app/Contents/SharedFrameworks/DTXConnectionServices.framework/Versions/A/DTXConnectionServices (0x1011eb630). One of the two will be used. Which one is undefined.
objc[96616]: Class DTXService is implemented in both /System/Library/PrivateFrameworks/DTXConnectionServices.framework/Versions/A/DTXConnectionServices (0x1e7def858) and /Applications/Xcode.app/Contents/SharedFrameworks/DTXConnectionServices.framework/Versions/A/DTXConnectionServices (0x1011eb658). One of the two will be used. Which one is undefined.
objc[96616]: Class DTXBlockCompressorFactory is implemented in both /System/Library/PrivateFrameworks/DTXConnectionServices.framework/Versions/A/DTXConnectionServices (0x1e7def8f8) and /Applications/Xcode.app/Contents/SharedFrameworks/DTXConnectionServices.framework/Versions/A/DTXConnectionServices (0x1011eb6f8). One of the two will be used. Which one is undefined.
objc[96616]: Class DTXBlockCompressorLibCompression is implemented in both /System/Library/PrivateFrameworks/DTXConnectionServices.framework/Versions/A/DTXConnectionServices (0x1e7def8a8) and /Applications/Xcode.app/Contents/SharedFrameworks/DTXConnectionServices.framework/Versions/A/DTXConnectionServices (0x1011eb6a8). One of the two will be used. Which one is undefined.
objc[96616]: Class DTXRemoteInvocationReceipt is implemented in both /System/Library/PrivateFrameworks/DTXConnectionServices.framework/Versions/A/DTXConnectionServices (0x1e7def948) and /Applications/Xcode.app/Contents/SharedFrameworks/DTXConnectionServices.framework/Versions/A/DTXConnectionServices (0x1011eb748). One of the two will be used. Which one is undefined.
objc[96616]: Class DTXProxyChannel is implemented in both /System/Library/PrivateFrameworks/DTXConnectionServices.framework/Versions/A/DTXConnectionServices (0x1e7def998) and /Applications/Xcode.app/Contents/SharedFrameworks/DTXConnectionServices.framework/Versions/A/DTXConnectionServices (0x1011eb798). One of the two will be used. Which one is undefined.
objc[96616]: Class _DTXProxy is implemented in both /System/Library/PrivateFrameworks/DTXConnectionServices.framework/Versions/A/DTXConnectionServices (0x1e7def9c0) and /Applications/Xcode.app/Contents/SharedFrameworks/DTXConnectionServices.framework/Versions/A/DTXConnectionServices (0x1011eb7c0). One of the two will be used. Which one is undefined.
objc[96616]: Class DTXMachTransport is implemented in both /System/Library/PrivateFrameworks/DTXConnectionServices.framework/Versions/A/DTXConnectionServices (0x1e7defa38) and /Applications/Xcode.app/Contents/SharedFrameworks/DTXConnectionServices.framework/Versions/A/DTXConnectionServices (0x1011eb838). One of the two will be used. Which one is undefined.
objc[96616]: Class DTXTransport is implemented in both /System/Library/PrivateFrameworks/DTXConnectionServices.framework/Versions/A/DTXConnectionServices (0x1e7defa88) and /Applications/Xcode.app/Contents/SharedFrameworks/DTXConnectionServices.framework/Versions/A/DTXConnectionServices (0x1011eb888). One of the two will be used. Which one is undefined.
objc[96616]: Class DTXResourceTracker is implemented in both /System/Library/PrivateFrameworks/DTXConnectionServices.framework/Versions/A/DTXConnectionServices (0x1e7defad8) and /Applications/Xcode.app/Contents/SharedFrameworks/DTXConnectionServices.framework/Versions/A/DTXConnectionServices (0x1011eb8d8). One of the two will be used. Which one is undefined.
objc[96616]: Class DTXProxyRequestHandler is implemented in both /System/Library/PrivateFrameworks/DTXConnectionServices.framework/Versions/A/DTXConnectionServices (0x1e7defb28) and /Applications/Xcode.app/Contents/SharedFrameworks/DTXConnectionServices.framework/Versions/A/DTXConnectionServices (0x1011eb928). One of the two will be used. Which one is undefined.
objc[96616]: Class DTXConnection is implemented in both /System/Library/PrivateFrameworks/DTXConnectionServices.framework/Versions/A/DTXConnectionServices (0x1e7defb78) and /Applications/Xcode.app/Contents/SharedFrameworks/DTXConnectionServices.framework/Versions/A/DTXConnectionServices (0x1011eb978). One of the two will be used. Which one is undefined.
objc[96616]: Class DTXChannel is implemented in both /System/Library/PrivateFrameworks/DTXConnectionServices.framework/Versions/A/DTXConnectionServices (0x1e7defba0) and /Applications/Xcode.app/Contents/SharedFrameworks/DTXConnectionServices.framework/Versions/A/DTXConnectionServices (0x1011eb9a0). One of the two will be used. Which one is undefined.
objc[96616]: Class DTXSocketTransport is implemented in both /System/Library/PrivateFrameworks/DTXConnectionServices.framework/Versions/A/DTXConnectionServices (0x1e7defc18) and /Applications/Xcode.app/Contents/SharedFrameworks/DTXConnectionServices.framework/Versions/A/DTXConnectionServices (0x1011eba18). One of the two will be used. Which one is undefined.
objc[96616]: Class DTXSharedMemoryTransport is implemented in both /System/Library/PrivateFrameworks/DTXConnectionServices.framework/Versions/A/DTXConnectionServices (0x1e7defc68) and /Applications/Xcode.app/Contents/SharedFrameworks/DTXConnectionServices.framework/Versions/A/DTXConnectionServices (0x1011eba68). One of the two will be used. Which one is undefined.
objc[96616]: Class DTXMessageParser is implemented in both /System/Library/PrivateFrameworks/DTXConnectionServices.framework/Versions/A/DTXConnectionServices (0x1e7defcb8) and /Applications/Xcode.app/Contents/SharedFrameworks/DTXConnectionServices.framework/Versions/A/DTXConnectionServices (0x1011ebab8). One of the two will be used. Which one is undefined.
objc[96616]: Class DTXMessageTransmitter is implemented in both /System/Library/PrivateFrameworks/DTXConnectionServices.framework/Versions/A/DTXConnectionServices (0x1e7defd30) and /Applications/Xcode.app/Contents/SharedFrameworks/DTXConnectionServices.framework/Versions/A/DTXConnectionServices (0x1011ebb30). One of the two will be used. Which one is undefined.
objc[96616]: Class DTXMessage is implemented in both /System/Library/PrivateFrameworks/DTXConnectionServices.framework/Versions/A/DTXConnectionServices (0x1e7defd58) and /Applications/Xcode.app/Contents/SharedFrameworks/DTXConnectionServices.framework/Versions/A/DTXConnectionServices (0x1011ebb58). One of the two will be used. Which one is undefined.
objc[96616]: Class DTXFileDescriptorTransport is implemented in both /System/Library/PrivateFrameworks/DTXConnectionServices.framework/Versions/A/DTXConnectionServices (0x1e7defda8) and /Applications/Xcode.app/Contents/SharedFrameworks/DTXConnectionServices.framework/Versions/A/DTXConnectionServices (0x1011ebba8). One of the two will be used. Which one is undefined.
􀟈  Test run started.
􀄵  Testing Library Version: 6.2.2 (3a645830884aa4e)
􀄵  Target Platform: arm64-apple-macosx
􁁛  Test run with 0 tests in 0 suites passed after 0.001 seconds.
